{"numTotalTestSuites":10,"numPassedTestSuites":10,"numFailedTestSuites":0,"numPendingTestSuites":0,"numTotalTests":33,"numPassedTests":33,"numFailedTests":0,"numPendingTests":0,"numTodoTests":0,"snapshot":{"added":0,"failure":false,"filesAdded":0,"filesRemoved":0,"filesRemovedList":[],"filesUnmatched":0,"filesUpdated":0,"matched":0,"total":0,"unchecked":0,"uncheckedKeysByFile":[],"unmatched":0,"updated":0,"didUpdate":false},"startTime":1787029796694,"success":true,"testResults":[{"assertionResults":[{"ancestorTitles":["AgentView (D8-T03)"],"fullName":"AgentView (D8-T03) renders the backend facts, tool timeline, claims and template label","status":"passed","title":"renders the backend facts, tool timeline, claims and template label","duration":91.31050000000005,"failureMessages":[],"meta":{}},{"ancestorTitles":["AgentView (D8-T03)"],"fullName":"AgentView (D8-T03) renders evidence links as real RouterLink navigations from backend params","status":"passed","title":"renders evidence links as real RouterLink navigations from backend params","duration":31.384900000000016,"failureMessages":[],"meta":{}},{"ancestorTitles":["AgentView (D8-T03)"],"fullName":"AgentView (D8-T03) renders recommendations and the calculation basis without computing anything","status":"passed","title":"renders recommendations and the calculation basis without computing anything","duration":22.57390000000032,"failureMessages":[],"meta":{}},{"ancestorTitles":["AgentView (D8-T03)"],"fullName":"AgentView (D8-T03) shows the honest fallback limitation","status":"passed","title":"shows the honest fallback limitation","duration":16.86429999999973,"failureMessages":[],"meta":{}},{"ancestorTitles":["AgentView (D8-T03)"],"fullName":"AgentView (D8-T03) backend failure shows an error banner without white screen","status":"passed","title":"backend failure shows an error banner without white screen","duration":9.70739999999978,"failureMessages":[],"meta":{}},{"ancestorTitles":["AgentView (D8-T03)"],"fullName":"AgentView (D8-T03) empty question is rejected client-side without calling the backend","status":"passed","title":"empty question is rejected client-side without calling the backend","duration":6.137400000000071,"failureMessages":[],"meta":{}}],"startTime":1787029799051,"endTime":1787029799230.1375,"status":"passed","message":"","name":"D:/Dev/Projects/SupplyMind AI/frontend/src/views/__tests__/agent.spec.ts"},{"assertionResults":[{"ancestorTitles":["ConfigView (D8-T01)"],"fullName":"ConfigView (D8-T01) renders the current items with backend status and summary strip","status":"passed","title":"renders the current items with backend status and summary strip","duration":64.73429999999962,"failureMessages":[],"meta":{}},{"ancestorTitles":["ConfigView (D8-T01)"],"fullName":"ConfigView (D8-T01) disable button calls setEnabled and refreshes the panel","status":"passed","title":"disable button calls setEnabled and refreshes the panel","duration":44.86389999999983,"failureMessages":[],"meta":{}},{"ancestorTitles":["ConfigView (D8-T01)"],"fullName":"ConfigView (D8-T01) add form sends a CONTROLLED request and shows the product result","status":"passed","title":"add form sends a CONTROLLED request and shows the product result","duration":45.38560000000007,"failureMessages":[],"meta":{}},{"ancestorTitles":["ConfigView (D8-T01)"],"fullName":"ConfigView (D8-T01) replace requires the backfill range and shows the auto-chain job statuses","status":"passed","title":"replace requires the backfill range and shows the auto-chain job statuses","duration":32.55709999999999,"failureMessages":[],"meta":{}},{"ancestorTitles":["ConfigView (D8-T01)"],"fullName":"ConfigView (D8-T01) backfill run calls the backend and shows the new status","status":"passed","title":"backfill run calls the backend and shows the new status","duration":15.936999999999898,"failureMessages":[],"meta":{}},{"ancestorTitles":["ConfigView (D8-T01)"],"fullName":"ConfigView (D8-T01) create backfill job form calls createBackfillJob with itemId/from/to","status":"passed","title":"create backfill job form calls createBackfillJob with itemId/from/to","duration":22.276800000000094,"failureMessages":[],"meta":{}},{"ancestorTitles":["ConfigView (D8-T01)"],"fullName":"ConfigView (D8-T01) API failure shows an error banner instead of a white screen","status":"passed","title":"API failure shows an error banner instead of a white screen","duration":10.311599999999999,"failureMessages":[],"meta":{}}],"startTime":1787029799048,"endTime":1787029799284.3115,"status":"passed","message":"","name":"D:/Dev/Projects/SupplyMind AI/frontend/src/views/__tests__/config.spec.ts"},{"assertionResults":[{"ancestorTitles":["governance isolation (UI product copy)"],"fullName":"governance isolation (UI product copy) dashboard, history, quality, sources, config, warning, agent pages contain no governance tokens","status":"passed","title":"dashboard, history, quality, sources, config, warning, agent pages contain no governance tokens","duration":156.66620000000012,"failureMessages":[],"meta":{}},{"ancestorTitles":["governance isolation (UI product copy)"],"fullName":"governance isolation (UI product copy) app shell and navigation contain no governance tokens","status":"passed","title":"app shell and navigation contain no governance tokens","duration":16.38050000000021,"failureMessages":[],"meta":{}},{"ancestorTitles":["governance isolation (UI product copy)"],"fullName":"governance isolation (UI product copy) internal enums are displayed through friendly labels, not raw wire values","status":"passed","title":"internal enums are displayed through friendly labels, not raw wire values","duration":23.77280000000019,"failureMessages":[],"meta":{}}],"startTime":1787029799325,"endTime":1787029799521.7727,"status":"passed","message":"","name":"D:/Dev/Projects/SupplyMind AI/frontend/src/views/__tests__/governance.spec.ts"},{"assertionResults":[{"ancestorTitles":["dashboard pages"],"fullName":"dashboard pages dashboard renders the exact backend value string","status":"passed","title":"dashboard renders the exact backend value string","duration":40.250400000000354,"failureMessages":[],"meta":{}},{"ancestorTitles":["dashboard pages"],"fullName":"dashboard pages dashboard shows a DEMO watermark in demo mode","status":"passed","title":"dashboard shows a DEMO watermark in demo mode","duration":8.603200000000015,"failureMessages":[],"meta":{}},{"ancestorTitles":["dashboard pages"],"fullName":"dashboard pages dashboard shows an error banner instead of a white screen when the API fails","status":"passed","title":"dashboard shows an error banner instead of a white screen when the API fails","duration":3.6404999999999745,"failureMessages":[],"meta":{}},{"ancestorTitles":["dashboard pages"],"fullName":"dashboard pages history renders daily points and business-period missing notices","status":"passed","title":"history renders daily points and business-period missing notices","duration":26.832499999999982,"failureMessages":[],"meta":{}},{"ancestorTitles":["dashboard pages"],"fullName":"dashboard pages history selector lists disabled items too (AT-UI-002: stopped targets stay queryable)","status":"passed","title":"history selector lists disabled items too (AT-UI-002: stopped targets stay queryable)","duration":11.897599999999784,"failureMessages":[],"meta":{}},{"ancestorTitles":["dashboard pages"],"fullName":"dashboard pages quality renders rows and warning list","status":"passed","title":"quality renders rows and warning list","duration":18.95769999999993,"failureMessages":[],"meta":{}},{"ancestorTitles":["dashboard pages"],"fullName":"dashboard pages sources renders routes and honest pending entries","status":"passed","title":"sources renders routes and honest pending entries","duration":13.66399999999976,"failureMessages":[],"meta":{}},{"ancestorTitles":["dashboard pages"],"fullName":"dashboard pages manual submit calls the backend and shows its structured response","status":"passed","title":"manual submit calls the backend and shows its structured response","duration":31.671000000000276,"failureMessages":[],"meta":{}},{"ancestorTitles":["dashboard pages"],"fullName":"dashboard pages import submit uploads the file and renders the backend accepted rows","status":"passed","title":"import submit uploads the file and renders the backend accepted rows","duration":17.315700000000106,"failureMessages":[],"meta":{}},{"ancestorTitles":["dashboard pages"],"fullName":"dashboard pages import xlsx shows the backend REJECTED status without local parsing","status":"passed","title":"import xlsx shows the backend REJECTED status without local parsing","duration":8.751700000000255,"failureMessages":[],"meta":{}},{"ancestorTitles":["dashboard pages"],"fullName":"dashboard pages synthetic demo entry calls the real provider endpoint","status":"passed","title":"synthetic demo entry calls the real provider endpoint","duration":9.530499999999847,"failureMessages":[],"meta":{}},{"ancestorTitles":["dashboard pages"],"fullName":"dashboard pages aggregate years come from the user-selected range","status":"passed","title":"aggregate years come from the user-selected range","duration":13.262299999999868,"failureMessages":[],"meta":{}}],"startTime":1787029799274,"endTime":1787029799478.2622,"status":"passed","message":"","name":"D:/Dev/Projects/SupplyMind AI/frontend/src/views/__tests__/pages.spec.ts"},{"assertionResults":[{"ancestorTitles":["WarningView (D8-T02)"],"fullName":"WarningView (D8-T02) renders the backend warning rows with demo markers","status":"passed","title":"renders the backend warning rows with demo markers","duration":42.18080000000009,"failureMessages":[],"meta":{}},{"ancestorTitles":["WarningView (D8-T02)"],"fullName":"WarningView (D8-T02) acknowledge sends only the dispositionNote and shows the backend status","status":"passed","title":"acknowledge sends only the dispositionNote and shows the backend status","duration":35.608799999999974,"failureMessages":[],"meta":{}},{"ancestorTitles":["WarningView (D8-T02)"],"fullName":"WarningView (D8-T02) empty dispositionNote is rejected client-side without calling the backend","status":"passed","title":"empty dispositionNote is rejected client-side without calling the backend","duration":16.105199999999968,"failureMessages":[],"meta":{}},{"ancestorTitles":["WarningView (D8-T02)"],"fullName":"WarningView (D8-T02) evaluate calls the backend demo rule and shows the trigger result","status":"passed","title":"evaluate calls the backend demo rule and shows the trigger result","duration":30.38079999999991,"failureMessages":[],"meta":{}},{"ancestorTitles":["WarningView (D8-T02)"],"fullName":"WarningView (D8-T02) backend failure shows an error banner instead of a white screen","status":"passed","title":"backend failure shows an error banner instead of a white screen","duration":5.985999999999876,"failureMessages":[],"meta":{}}],"startTime":1787029799052,"endTime":1787029799182.986,"status":"passed","message":"","name":"D:/Dev/Projects/SupplyMind AI/frontend/src/views/__tests__/warning.spec.ts"}]}