{"numTotalTestSuites":10,"numPassedTestSuites":10,"numFailedTestSuites":0,"numPendingTestSuites":0,"numTotalTests":34,"numPassedTests":34,"numFailedTests":0,"numPendingTests":0,"numTodoTests":0,"snapshot":{"added":0,"failure":false,"filesAdded":0,"filesRemoved":0,"filesRemovedList":[],"filesUnmatched":0,"filesUpdated":0,"matched":0,"total":0,"unchecked":0,"uncheckedKeysByFile":[],"unmatched":0,"updated":0,"didUpdate":false},"startTime":1787250450938,"success":true,"testResults":[{"assertionResults":[{"ancestorTitles":["AgentView (D8-T03)"],"fullName":"AgentView (D8-T03) renders the backend facts, tool timeline, claims and template label","status":"passed","title":"renders the backend facts, tool timeline, claims and template label","duration":89.22530000000006,"failureMessages":[],"meta":{}},{"ancestorTitles":["AgentView (D8-T03)"],"fullName":"AgentView (D8-T03) renders evidence links as real RouterLink navigations from backend params","status":"passed","title":"renders evidence links as real RouterLink navigations from backend params","duration":29.129399999999805,"failureMessages":[],"meta":{}},{"ancestorTitles":["AgentView (D8-T03)"],"fullName":"AgentView (D8-T03) renders recommendations and the calculation basis without computing anything","status":"passed","title":"renders recommendations and the calculation basis without computing anything","duration":27.100999999999658,"failureMessages":[],"meta":{}},{"ancestorTitles":["AgentView (D8-T03)"],"fullName":"AgentView (D8-T03) shows the honest fallback limitation","status":"passed","title":"shows the honest fallback limitation","duration":20.02579999999989,"failureMessages":[],"meta":{}},{"ancestorTitles":["AgentView (D8-T03)"],"fullName":"AgentView (D8-T03) backend failure shows an error banner without white screen","status":"passed","title":"backend failure shows an error banner without white screen","duration":12.636599999999817,"failureMessages":[],"meta":{}},{"ancestorTitles":["AgentView (D8-T03)"],"fullName":"AgentView (D8-T03) empty question is rejected client-side without calling the backend","status":"passed","title":"empty question is rejected client-side without calling the backend","duration":5.687800000000152,"failureMessages":[],"meta":{}}],"startTime":1787250453559,"endTime":1787250453742.6877,"status":"passed","message":"","name":"D:/Dev/Projects/SupplyMind AI/frontend/src/views/__tests__/agent.spec.ts"},{"assertionResults":[{"ancestorTitles":["ConfigView (D8-T01)"],"fullName":"ConfigView (D8-T01) renders the current items with backend status and summary strip","status":"passed","title":"renders the current items with backend status and summary strip","duration":73.35489999999982,"failureMessages":[],"meta":{}},{"ancestorTitles":["ConfigView (D8-T01)"],"fullName":"ConfigView (D8-T01) disable button calls setEnabled and refreshes the panel","status":"passed","title":"disable button calls setEnabled and refreshes the panel","duration":46.50450000000001,"failureMessages":[],"meta":{}},{"ancestorTitles":["ConfigView (D8-T01)"],"fullName":"ConfigView (D8-T01) add form sends a CONTROLLED request and shows the product result","status":"passed","title":"add form sends a CONTROLLED request and shows the product result","duration":47.760699999999815,"failureMessages":[],"meta":{}},{"ancestorTitles":["ConfigView (D8-T01)"],"fullName":"ConfigView (D8-T01) replace requires the backfill range and shows the auto-chain job statuses","status":"passed","title":"replace requires the backfill range and shows the auto-chain job statuses","duration":37.65520000000015,"failureMessages":[],"meta":{}},{"ancestorTitles":["ConfigView (D8-T01)"],"fullName":"ConfigView (D8-T01) backfill run calls the backend and shows the new status","status":"passed","title":"backfill run calls the backend and shows the new status","duration":22.624599999999646,"failureMessages":[],"meta":{}},{"ancestorTitles":["ConfigView (D8-T01)"],"fullName":"ConfigView (D8-T01) create backfill job form calls createBackfillJob with itemId/from/to","status":"passed","title":"create backfill job form calls createBackfillJob with itemId/from/to","duration":27.745200000000295,"failureMessages":[],"meta":{}},{"ancestorTitles":["ConfigView (D8-T01)"],"fullName":"ConfigView (D8-T01) API failure shows an error banner instead of a white screen","status":"passed","title":"API failure shows an error banner instead of a white screen","duration":13.739100000000235,"failureMessages":[],"meta":{}}],"startTime":1787250453556,"endTime":1787250453825.739,"status":"passed","message":"","name":"D:/Dev/Projects/SupplyMind AI/frontend/src/views/__tests__/config.spec.ts"},{"assertionResults":[{"ancestorTitles":["governance isolation (UI product copy)"],"fullName":"governance isolation (UI product copy) dashboard, history, quality, sources, config, warning, agent pages contain no governance tokens","status":"passed","title":"dashboard, history, quality, sources, config, warning, agent pages contain no governance tokens","duration":203.9286000000002,"failureMessages":[],"meta":{}},{"ancestorTitles":["governance isolation (UI product copy)"],"fullName":"governance isolation (UI product copy) app shell and navigation contain no governance tokens","status":"passed","title":"app shell and navigation contain no governance tokens","duration":20.57360000000017,"failureMessages":[],"meta":{}},{"ancestorTitles":["governance isolation (UI product copy)"],"fullName":"governance isolation (UI product copy) internal enums are displayed through friendly labels, not raw wire values","status":"passed","title":"internal enums are displayed through friendly labels, not raw wire values","duration":27.54340000000002,"failureMessages":[],"meta":{}}],"startTime":1787250453852,"endTime":1787250454104.5435,"status":"passed","message":"","name":"D:/Dev/Projects/SupplyMind AI/frontend/src/views/__tests__/governance.spec.ts"},{"assertionResults":[{"ancestorTitles":["dashboard pages"],"fullName":"dashboard pages dashboard renders the exact backend value string","status":"passed","title":"dashboard renders the exact backend value string","duration":50.43870000000015,"failureMessages":[],"meta":{}},{"ancestorTitles":["dashboard pages"],"fullName":"dashboard pages dashboard exposes honest official-rate acquisition state and retry control","status":"passed","title":"dashboard exposes honest official-rate acquisition state and retry control","duration":20.592799999999897,"failureMessages":[],"meta":{}},{"ancestorTitles":["dashboard pages"],"fullName":"dashboard pages dashboard shows a DEMO watermark in demo mode","status":"passed","title":"dashboard shows a DEMO watermark in demo mode","duration":12.46120000000019,"failureMessages":[],"meta":{}},{"ancestorTitles":["dashboard pages"],"fullName":"dashboard pages dashboard shows an error banner instead of a white screen when the API fails","status":"passed","title":"dashboard shows an error banner instead of a white screen when the API fails","duration":5.706400000000031,"failureMessages":[],"meta":{}},{"ancestorTitles":["dashboard pages"],"fullName":"dashboard pages history renders daily points and business-period missing notices","status":"passed","title":"history renders daily points and business-period missing notices","duration":29.322099999999864,"failureMessages":[],"meta":{}},{"ancestorTitles":["dashboard pages"],"fullName":"dashboard pages history selector lists disabled items too (AT-UI-002: stopped targets stay queryable)","status":"passed","title":"history selector lists disabled items too (AT-UI-002: stopped targets stay queryable)","duration":17.066899999999805,"failureMessages":[],"meta":{}},{"ancestorTitles":["dashboard pages"],"fullName":"dashboard pages quality renders rows and warning list","status":"passed","title":"quality renders rows and warning list","duration":12.764500000000226,"failureMessages":[],"meta":{}},{"ancestorTitles":["dashboard pages"],"fullName":"dashboard pages sources renders routes and honest pending entries","status":"passed","title":"sources renders routes and honest pending entries","duration":24.219700000000103,"failureMessages":[],"meta":{}},{"ancestorTitles":["dashboard pages"],"fullName":"dashboard pages manual submit calls the backend and shows its structured response","status":"passed","title":"manual submit calls the backend and shows its structured response","duration":38.95310000000018,"failureMessages":[],"meta":{}},{"ancestorTitles":["dashboard pages"],"fullName":"dashboard pages import submit uploads the file and renders the backend accepted rows","status":"passed","title":"import submit uploads the file and renders the backend accepted rows","duration":18.6545000000001,"failureMessages":[],"meta":{}},{"ancestorTitles":["dashboard pages"],"fullName":"dashboard pages import xlsx shows the backend REJECTED status without local parsing","status":"passed","title":"import xlsx shows the backend REJECTED status without local parsing","duration":9.250099999999748,"failureMessages":[],"meta":{}},{"ancestorTitles":["dashboard pages"],"fullName":"dashboard pages synthetic demo entry calls the real provider endpoint","status":"passed","title":"synthetic demo entry calls the real provider endpoint","duration":8.990500000000338,"failureMessages":[],"meta":{}},{"ancestorTitles":["dashboard pages"],"fullName":"dashboard pages aggregate years come from the user-selected range","status":"passed","title":"aggregate years come from the user-selected range","duration":17.724299999999857,"failureMessages":[],"meta":{}}],"startTime":1787250453794,"endTime":1787250454060.7244,"status":"passed","message":"","name":"D:/Dev/Projects/SupplyMind AI/frontend/src/views/__tests__/pages.spec.ts"},{"assertionResults":[{"ancestorTitles":["WarningView (D8-T02)"],"fullName":"WarningView (D8-T02) renders the backend warning rows with demo markers","status":"passed","title":"renders the backend warning rows with demo markers","duration":49.20940000000019,"failureMessages":[],"meta":{}},{"ancestorTitles":["WarningView (D8-T02)"],"fullName":"WarningView (D8-T02) acknowledge sends only the dispositionNote and shows the backend status","status":"passed","title":"acknowledge sends only the dispositionNote and shows the backend status","duration":31.392899999999827,"failureMessages":[],"meta":{}},{"ancestorTitles":["WarningView (D8-T02)"],"fullName":"WarningView (D8-T02) empty dispositionNote is rejected client-side without calling the backend","status":"passed","title":"empty dispositionNote is rejected client-side without calling the backend","duration":15.803599999999733,"failureMessages":[],"meta":{}},{"ancestorTitles":["WarningView (D8-T02)"],"fullName":"WarningView (D8-T02) evaluate calls the backend demo rule and shows the trigger result","status":"passed","title":"evaluate calls the backend demo rule and shows the trigger result","duration":42.27229999999963,"failureMessages":[],"meta":{}},{"ancestorTitles":["WarningView (D8-T02)"],"fullName":"WarningView (D8-T02) backend failure shows an error banner instead of a white screen","status":"passed","title":"backend failure shows an error banner instead of a white screen","duration":8.760999999999967,"failureMessages":[],"meta":{}}],"startTime":1787250453558,"endTime":1787250453705.761,"status":"passed","message":"","name":"D:/Dev/Projects/SupplyMind AI/frontend/src/views/__tests__/warning.spec.ts"}]}