<?xml version="1.0" encoding="UTF-8"?>
<testsuite xmlns:xsi="http://www.w3.org/2001/XMLSchema-instance" xsi:noNamespaceSchemaLocation="https://maven.apache.org/surefire/maven-surefire-plugin/xsd/surefire-test-report-3.0.xsd" version="3.0" name="com.supplymind.acceptance.AtSrc002AcceptanceTest" time="5.299" tests="1" errors="0" skipped="0" failures="0">
  <properties>
[...]
</properties>
  <testcase name="dualCurrencyRealChainIdempotencyAndOfflineRestart" classname="com.supplymind.acceptance.AtSrc002AcceptanceTest" time="5.268">
    <system-out><![CDATA[
  .   ____          _            __ _ _
 /\\ / ___'_ __ _ _(_)_ __  __ _ \ \ \ \
( ( )\___ | '_ | '_| | '_ \/ _` | \ \ \ \
 \\/  ___)| |_)| | | | | || (_| |  ) ) ) )
  '  |____| .__|_| |_|_| |_\__, | / / / /
 =========|_|==============|___/=/_/_/_/

 :: Spring Boot ::                (v3.3.6)

2026-08-10T15:44:31.537+08:00  INFO 14756 --- [supplymind-backend] [           main] o.a.maven.surefire.booter.ForkedBooter   : Starting ForkedBooter v3.2.5 using Java 17.0.19 with PID 14756 (started by Administrator in D:\Dev\Projects\SupplyMind AI\backend)
2026-08-10T15:44:31.539+08:00  INFO 14756 --- [supplymind-backend] [           main] o.a.maven.surefire.booter.ForkedBooter   : No active profile set, falling back to 1 default profile: "default"
2026-08-10T15:44:33.273+08:00  INFO 14756 --- [supplymind-backend] [           main] o.a.maven.surefire.booter.ForkedBooter   : Started ForkedBooter in 2.145 seconds (process running for 2.801)
2026-08-10T15:44:34.461+08:00  INFO 14756 --- [supplymind-backend] [           main] c.s.p.pboc.PbocOfficialWebConfiguration  : pboc_official_web outcome=SUCCESS stage=COMPLETE url=https://www.pbc.gov.cn/zhengcehuobisi/125207/125217/125925/2026081009005136814/index.html httpStatus=200 exception=NONE
2026-08-10T15:44:35.900+08:00  INFO 14756 --- [supplymind-backend] [           main] c.s.p.pboc.PbocOfficialWebConfiguration  : pboc_official_web outcome=SUCCESS stage=COMPLETE url=https://www.pbc.gov.cn/zhengcehuobisi/125207/125217/125925/2026081009005136814/index.html httpStatus=200 exception=NONE

  .   ____          _            __ _ _
 /\\ / ___'_ __ _ _(_)_ __  __ _ \ \ \ \
( ( )\___ | '_ | '_| | '_ \/ _` | \ \ \ \
 \\/  ___)| |_)| | | | | || (_| |  ) ) ) )
  '  |____| .__|_| |_|_| |_\__, | / / / /
 =========|_|==============|___/=/_/_/_/

 :: Spring Boot ::                (v3.3.6)

2026-08-10T15:44:35.944+08:00  INFO 14756 --- [supplymind-backend] [           main] o.a.maven.surefire.booter.ForkedBooter   : Starting ForkedBooter v3.2.5 using Java 17.0.19 with PID 14756 (started by Administrator in D:\Dev\Projects\SupplyMind AI\backend)
2026-08-10T15:44:35.944+08:00  INFO 14756 --- [supplymind-backend] [           main] o.a.maven.surefire.booter.ForkedBooter   : No active profile set, falling back to 1 default profile: "default"
2026-08-10T15:44:36.172+08:00  INFO 14756 --- [supplymind-backend] [           main] o.a.maven.surefire.booter.ForkedBooter   : Started ForkedBooter in 0.257 seconds (process running for 5.7)
AT_SRC_002 cycle businessDate=2026-08-10 acquisitionId=pboc-acq-2026081009005136814-d7d03779bc630b8df6c2dffc02d3937f4ef4f7051022c41764724f828e30544a payloadSha256=d7d03779bc630b8df6c2dffc02d3937f4ef4f7051022c41764724f828e30544a
AT_SRC_002 usd rawValue=6.7884 dailyAvg=6.78840000 dailyRef=processed/daily/FX.USD.CNY.PBOC_MID/2026-08.csv runId=pboc-usd-20260810-d7d03779bc630b8df6c2dffc02d3937f4ef4f7051022c41764724f828e30544a
AT_SRC_002 eur rawValue=7.8171 dailyAvg=7.81710000 dailyRef=processed/daily/FX.EUR.CNY.PBOC_MID/2026-08.csv runId=pboc-eur-20260810-d7d03779bc630b8df6c2dffc02d3937f4ef4f7051022c41764724f828e30544a
AT_SRC_002 publishRef=staging/pboc-usd-20260810-d7d03779bc630b8df6c2dffc02d3937f4ef4f7051022c41764724f828e30544a.json#recordVersion=4 aggregateRefs=4+4 restartOfflineRead=PASS repeat=IDEMPOTENT
AT_SRC_002 runtime facts written=D:\Dev\Projects\SupplyMind AI\docs\evidence\AT-SRC-002\at-src-002-runtime-facts.json
]]></system-out>
  </testcase>
</testsuite>